<?xml version="1.0" encoding="UTF-8"?>
<testng-results skipped="0" failed="0" ignored="0" total="1" passed="1">
  <reporter-output>
  </reporter-output>
  <suite name="Default suite" duration-ms="28465" started-at="2019-09-06T14:40:21Z" finished-at="2019-09-06T14:40:50Z">
    <groups>
    </groups>
    <test name="Default test" duration-ms="28465" started-at="2019-09-06T14:40:21Z" finished-at="2019-09-06T14:40:50Z">
      <class name="com.training.regression.tests.ELTC_014">
        <test-method status="PASS" signature="setUpBeforeClass()[pri:0, instance:com.training.regression.tests.ELTC_014@39aeed2f]" name="setUpBeforeClass" is-config="true" duration-ms="16" started-at="2019-09-06T20:10:21Z" finished-at="2019-09-06T20:10:21Z">
          <reporter-output>
          </reporter-output>
        </test-method> <!-- setUpBeforeClass -->
        <test-method status="PASS" signature="setUp()[pri:0, instance:com.training.regression.tests.ELTC_014@39aeed2f]" name="setUp" is-config="true" duration-ms="9834" started-at="2019-09-06T20:10:21Z" finished-at="2019-09-06T20:10:31Z">
          <reporter-output>
          </reporter-output>
        </test-method> <!-- setUp -->
        <test-method status="PASS" signature="courseDetailsTest()[pri:0, instance:com.training.regression.tests.ELTC_014@39aeed2f]" name="courseDetailsTest" duration-ms="18587" started-at="2019-09-06T20:10:31Z" finished-at="2019-09-06T20:10:50Z">
          <reporter-output>
          </reporter-output>
        </test-method> <!-- courseDetailsTest -->
      </class> <!-- com.training.regression.tests.ELTC_014 -->
    </test> <!-- Default test -->
  </suite> <!-- Default suite -->
</testng-results>
